Determining if the pthread_create exist failed with the following output:
Change Dir: /home/mitra054/pDMET/pdmet/lib/build/CMakeFiles/CMakeTmp

Run Build Command(s):/usr/bin/gmake cmTC_22a81/fast 
/usr/bin/gmake -f CMakeFiles/cmTC_22a81.dir/build.make CMakeFiles/cmTC_22a81.dir/build
gmake[1]: Entering directory '/home/mitra054/pDMET/pdmet/lib/build/CMakeFiles/CMakeTmp'
Building C object CMakeFiles/cmTC_22a81.dir/CheckSymbolExists.c.o
/home/mitra054/.conda/envs/msi3/bin/cc    -o CMakeFiles/cmTC_22a81.dir/CheckSymbolExists.c.o   -c /home/mitra054/pDMET/pdmet/lib/build/CMakeFiles/CMakeTmp/CheckSymbolExists.c
Linking C executable cmTC_22a81
/home/mitra054/.conda/envs/msi3/bin/cmake -E cmake_link_script CMakeFiles/cmTC_22a81.dir/link.txt --verbose=1
/home/mitra054/.conda/envs/msi3/bin/cc      -rdynamic CMakeFiles/cmTC_22a81.dir/CheckSymbolExists.c.o  -o cmTC_22a81 
CMakeFiles/cmTC_22a81.dir/CheckSymbolExists.c.o: In function `main':
CheckSymbolExists.c:(.text+0x16): undefined reference to `pthread_create'
collect2: error: ld returned 1 exit status
gmake[1]: *** [CMakeFiles/cmTC_22a81.dir/build.make:87: cmTC_22a81] Error 1
gmake[1]: Leaving directory '/home/mitra054/pDMET/pdmet/lib/build/CMakeFiles/CMakeTmp'
gmake: *** [Makefile:121: cmTC_22a81/fast] Error 2

File /home/mitra054/pDMET/pdmet/lib/build/CMakeFiles/CMakeTmp/CheckSymbolExists.c:
/* */
#include <pthread.h>

int main(int argc, char** argv)
{
  (void)argv;
#ifndef pthread_create
  return ((int*)(&pthread_create))[argc];
#else
  (void)argc;
  return 0;
#endif
}

Determining if the function pthread_create exists in the pthreads failed with the following output:
Change Dir: /home/mitra054/pDMET/pdmet/lib/build/CMakeFiles/CMakeTmp

Run Build Command(s):/usr/bin/gmake cmTC_d3bbe/fast 
/usr/bin/gmake -f CMakeFiles/cmTC_d3bbe.dir/build.make CMakeFiles/cmTC_d3bbe.dir/build
gmake[1]: Entering directory '/home/mitra054/pDMET/pdmet/lib/build/CMakeFiles/CMakeTmp'
Building C object CMakeFiles/cmTC_d3bbe.dir/CheckFunctionExists.c.o
/home/mitra054/.conda/envs/msi3/bin/cc   -DCHECK_FUNCTION_EXISTS=pthread_create   -o CMakeFiles/cmTC_d3bbe.dir/CheckFunctionExists.c.o   -c /home/mitra054/.conda/envs/msi3/share/cmake-3.14/Modules/CheckFunctionExists.c
Linking C executable cmTC_d3bbe
/home/mitra054/.conda/envs/msi3/bin/cmake -E cmake_link_script CMakeFiles/cmTC_d3bbe.dir/link.txt --verbose=1
/home/mitra054/.conda/envs/msi3/bin/cc  -DCHECK_FUNCTION_EXISTS=pthread_create    -rdynamic CMakeFiles/cmTC_d3bbe.dir/CheckFunctionExists.c.o  -o cmTC_d3bbe -lpthreads 
/usr/bin/ld: cannot find -lpthreads
collect2: error: ld returned 1 exit status
gmake[1]: *** [CMakeFiles/cmTC_d3bbe.dir/build.make:87: cmTC_d3bbe] Error 1
gmake[1]: Leaving directory '/home/mitra054/pDMET/pdmet/lib/build/CMakeFiles/CMakeTmp'
gmake: *** [Makefile:121: cmTC_d3bbe/fast] Error 2


